#
# A fatal error has been detected by the Java Runtime Environment:
#
#  EXCEPTION_ACCESS_VIOLATION (0xc0000005) at pc=0x00007ffef9be8d3c, pid=6188, tid=8944
#
# JRE version: OpenJDK Runtime Environment (11.0.11+9) (build 11.0.11+9-b60-7590822)
# Java VM: OpenJDK 64-Bit Server VM (11.0.11+9-b60-7590822, mixed mode, tiered, compressed oops, g1 gc, windows-amd64)
# Problematic frame:
# V  [jvm.dll+0x358d3c]
#
# No core dump will be written. Minidumps are not enabled by default on client versions of Windows
#
# If you would like to submit a bug report, please visit:
#   https://bugreport.java.com/bugreport/crash.jsp
#

---------------  S U M M A R Y ------------

Command Line: --add-opens=java.base/java.util=ALL-UNNAMED --add-opens=java.base/java.lang=ALL-UNNAMED --add-opens=java.base/java.lang.invoke=ALL-UNNAMED --add-opens=java.base/java.util=ALL-UNNAMED --add-opens=java.prefs/java.util.prefs=ALL-UNNAMED --add-opens=java.prefs/java.util.prefs=ALL-UNNAMED --add-opens=java.base/java.nio.charset=ALL-UNNAMED --add-opens=java.base/java.net=ALL-UNNAMED --add-opens=java.base/java.util.concurrent.atomic=ALL-UNNAMED -Xmx2048m -Dfile.encoding=UTF-8 -Duser.country=CO -Duser.language=es -Duser.variant org.gradle.launcher.daemon.bootstrap.GradleDaemon 7.2

Host: AMD Ryzen 5 3500U with Radeon Vega Mobile Gfx  , 8 cores, 9G,  Windows 10 , 64 bit Build 19041 (10.0.19041.1566)
Time: Wed Mar 30 05:34:43 2022 Hora de verano romance elapsed time: 5.494964 seconds (0d 0h 0m 5s)

---------------  T H R E A D  ---------------

Current thread (0x000002177f6ed000):  JavaThread "C2 CompilerThread0" daemon [_thread_in_native, id=8944, stack(0x000000adcec00000,0x000000adced00000)]


Current CompileTask:
C2:   5495 3729       4       java.lang.ClassLoader::defineClass (43 bytes)

Stack: [0x000000adcec00000,0x000000adced00000],  sp=0x000000adcecfbe10,  free space=1007k
Native frames: (J=compiled Java code, j=interpreted, Vv=VM code, C=native code)
V  [jvm.dll+0x358d3c]
V  [jvm.dll+0x352677]
V  [jvm.dll+0x198990]
V  [jvm.dll+0x1fc2ee]
V  [jvm.dll+0x1fb3d4]
V  [jvm.dll+0x183d6c]
V  [jvm.dll+0x209a57]
V  [jvm.dll+0x2082a1]
V  [jvm.dll+0x6ef58f]
V  [jvm.dll+0x6e80b5]
V  [jvm.dll+0x5f1036]
C  [ucrtbase.dll+0x21bb2]
C  [KERNEL32.DLL+0x17034]
C  [ntdll.dll+0x52651]


siginfo: EXCEPTION_ACCESS_VIOLATION (0xc0000005), reading address 0x00000217af9a0c00


Register to memory mapping:

RIP=0x00007ffef9be8d3c jvm.dll
RAX=0x00000217af9a0c00 is an unknown value
RBX=0x000000adcecfbef0 is pointing into the stack for thread: 0x000002177f6ed000
RCX=0x000002170302b550 points into unknown readable memory: 0x0000009000000000 | 00 00 00 00 90 00 00 00
RDX=0x00000217067fdb70 points into unknown readable memory: 0x000000000000000f | 0f 00 00 00 00 00 00 00
RSP=0x000000adcecfbe10 is pointing into the stack for thread: 0x000002177f6ed000
RBP=0x0000000000000002 is an unknown value
RSI=0x0 is NULL
RDI=0x0 is NULL
R8 =0x0000000000000014 is an unknown value
R9 =0x0000000000000008 is an unknown value
R10=0x0000000000000014 is an unknown value
R11=0x0000000000000018 is an unknown value
R12=0x000002177ee329b0 points into unknown readable memory: 0x000002177f6964f0 | f0 64 69 7f 17 02 00 00
R13=0x00007ffefa28cf18 jvm.dll
R14=0x00000217049c5d78 points into unknown readable memory: 0x00007ffefa07c5e8 | e8 c5 07 fa fe 7f 00 00
R15=0x00000217067fdb70 points into unknown readable memory: 0x000000000000000f | 0f 00 00 00 00 00 00 00


Registers:
RAX=0x00000217af9a0c00, RBX=0x000000adcecfbef0, RCX=0x000002170302b550, RDX=0x00000217067fdb70
RSP=0x000000adcecfbe10, RBP=0x0000000000000002, RSI=0x0000000000000000, RDI=0x0000000000000000
R8 =0x0000000000000014, R9 =0x0000000000000008, R10=0x0000000000000014, R11=0x0000000000000018
R12=0x000002177ee329b0, R13=0x00007ffefa28cf18, R14=0x00000217049c5d78, R15=0x00000217067fdb70
RIP=0x00007ffef9be8d3c, EFLAGS=0x0000000000010206

Top of Stack: (sp=0x000000adcecfbe10)
0x000000adcecfbe10:   000002170302b410 0000000000000014
0x000000adcecfbe20:   000000adcecfbef0 00007ffef9dac85a
0x000000adcecfbe30:   0000021702dcc030 0000000000000006
0x000000adcecfbe40:   0000000000000004 000000adcecfbf60
0x000000adcecfbe50:   0000000000000007 00007ffef9be2677
0x000000adcecfbe60:   0000000000000000 000000adcecfc4a0
0x000000adcecfbe70:   00000217049c5d78 0000000000000004
0x000000adcecfbe80:   000000ad00000242 000000adcecfbef0
0x000000adcecfbe90:   00000000000f423f 0000000700000003
0x000000adcecfbea0:   0000000d00000004 0000000000000000
0x000000adcecfbeb0:   00000004ffffffff 0000000700000000
0x000000adcecfbec0:   0000000e00000000 00007fff00000000
0x000000adcecfbed0:   0000015300000006 0000021700000000
0x000000adcecfbee0:   0000000000000000 0000000010000000
0x000000adcecfbef0:   00000217a000000f 000002170302b4b0
0x000000adcecfbf00:   00000217063f5e30 00007ffe00000000 

Instructions: (pc=0x00007ffef9be8d3c)
0x00007ffef9be8c3c:   c3 cc cc cc 40 53 55 56 57 41 57 48 83 ec 20 8b
0x00007ffef9be8c4c:   02 4c 8b fa 8b 2d 26 fe 6d 00 48 8b d9 89 01 44
0x00007ffef9be8c5c:   8b 82 90 00 00 00 44 89 81 90 00 00 00 41 b9 08
0x00007ffef9be8c6c:   00 00 00 41 83 f8 10 77 0a 48 8d 41 10 48 89 41
0x00007ffef9be8c7c:   08 eb 77 65 48 8b 04 25 58 00 00 00 49 8b f0 48
0x00007ffef9be8c8c:   c1 e6 03 48 8b 04 e8 4a 8b 0c 08 48 8b 81 d0 04
0x00007ffef9be8c9c:   00 00 48 8b 88 88 00 00 00 48 8b c6 48 f7 d0 48
0x00007ffef9be8cac:   8b b9 80 08 00 00 48 3b 47 18 73 12 4c 8d 05 11
0x00007ffef9be8cbc:   98 48 00 48 8b d6 48 8b cf e8 56 41 d6 ff 48 8b
0x00007ffef9be8ccc:   47 18 48 8d 0c 30 48 3b 4f 20 76 10 45 33 c0 48
0x00007ffef9be8cdc:   8b d6 48 8b cf e8 1a 3d d6 ff eb 04 48 89 4f 18
0x00007ffef9be8cec:   48 89 43 08 41 b9 08 00 00 00 33 ff 39 bb 90 00
0x00007ffef9be8cfc:   00 00 0f 86 d2 00 00 00 65 48 8b 04 25 58 00 00
0x00007ffef9be8d0c:   00 4c 89 64 24 50 4c 89 6c 24 58 4c 8d 2d fa 41
0x00007ffef9be8d1c:   6a 00 4c 89 74 24 60 4c 8d 24 e8 66 0f 1f 84 00
0x00007ffef9be8d2c:   00 00 00 00 49 8b 47 08 48 8d 34 fd 00 00 00 00
0x00007ffef9be8d3c:   4c 8b 34 06 4d 3b f5 75 0a 48 8b 43 08 4c 89 2c
0x00007ffef9be8d4c:   06 eb 6a 49 8b 04 24 41 8b c9 48 8b 0c 01 48 8b
0x00007ffef9be8d5c:   81 d0 04 00 00 48 8b a8 88 00 00 00 48 8b 8d 88
0x00007ffef9be8d6c:   08 00 00 48 85 c9 75 12 e8 97 09 00 00 48 8b 8d
0x00007ffef9be8d7c:   88 08 00 00 41 b9 08 00 00 00 48 8b 01 48 89 85
0x00007ffef9be8d8c:   88 08 00 00 33 c0 48 89 01 48 89 41 08 48 89 41
0x00007ffef9be8d9c:   10 48 89 41 18 41 0f 10 06 0f 11 01 41 0f 10 4e
0x00007ffef9be8dac:   10 0f 11 49 10 48 8b 43 08 48 89 0c 06 ff c7 3b
0x00007ffef9be8dbc:   bb 90 00 00 00 0f 82 69 ff ff ff 4c 8b 74 24 60
0x00007ffef9be8dcc:   4c 8b 6c 24 58 4c 8b 64 24 50 48 8b c3 48 83 c4
0x00007ffef9be8ddc:   20 41 5f 5f 5e 5d 5b c3 cc cc cc cc cc cc cc cc
0x00007ffef9be8dec:   cc cc cc cc 83 3a 00 4c 8b c2 c7 41 08 08 00 00
0x00007ffef9be8dfc:   00 75 16 33 d2 c7 41 18 01 00 00 00 89 11 48 8b
0x00007ffef9be8e0c:   c1 c7 41 28 01 00 00 00 c3 33 d2 48 89 11 89 51
0x00007ffef9be8e1c:   18 41 8b 80 90 00 00 00 89 41 28 48 89 51 10 49
0x00007ffef9be8e2c:   8b 40 08 48 89 41 20 48 8b c1 4c 89 41 30 c3 cc 


Stack slot to memory mapping:
stack at sp + 0 slots: 0x000002170302b410 points into unknown readable memory: 0x000002170302b340 | 40 b3 02 03 17 02 00 00
stack at sp + 1 slots: 0x0000000000000014 is an unknown value
stack at sp + 2 slots: 0x000000adcecfbef0 is pointing into the stack for thread: 0x000002177f6ed000
stack at sp + 3 slots: 0x00007ffef9dac85a jvm.dll
stack at sp + 4 slots: 0x0000021702dcc030 points into unknown readable memory: 0x00007ffefa078298 | 98 82 07 fa fe 7f 00 00
stack at sp + 5 slots: 0x0000000000000006 is an unknown value
stack at sp + 6 slots: 0x0000000000000004 is an unknown value
stack at sp + 7 slots: 0x000000adcecfbf60 is pointing into the stack for thread: 0x000002177f6ed000


---------------  P R O C E S S  ---------------

Threads class SMR info:
_java_thread_list=0x0000021704d4d700, length=37, elements={
0x000002176420c000, 0x000002177f691800, 0x000002177f695000, 0x000002177f6e6800,
0x000002177f6e9000, 0x000002177f6ea000, 0x000002177f6ed000, 0x000002177f6f0000,
0x000002177ee7c000, 0x000002177f84d000, 0x0000021701987000, 0x000002177fa41000,
0x00000217018dd000, 0x00000217030b5800, 0x0000021701270000, 0x00000217012a3800,
0x000002170186b800, 0x000002170111a800, 0x0000021701936000, 0x00000217023a6000,
0x00000217023a0000, 0x00000217023a2000, 0x00000217023a1000, 0x00000217023a4000,
0x0000021702c3e800, 0x00000217023a5000, 0x00000217023a6800, 0x00000217023a2800,
0x00000217023a3800, 0x00000217032f2800, 0x00000217032ee000, 0x0000021701f00000,
0x00000217032f5000, 0x00000217032f0800, 0x00000217032f0000, 0x00000217032ef000,
0x00000217032f4000
}

Java Threads: ( => current thread )
  0x000002176420c000 JavaThread "main" [_thread_blocked, id=5708, stack(0x000000adce000000,0x000000adce100000)]
  0x000002177f691800 JavaThread "Reference Handler" daemon [_thread_blocked, id=4528, stack(0x000000adce700000,0x000000adce800000)]
  0x000002177f695000 JavaThread "Finalizer" daemon [_thread_blocked, id=10256, stack(0x000000adce800000,0x000000adce900000)]
  0x000002177f6e6800 JavaThread "Signal Dispatcher" daemon [_thread_blocked, id=9648, stack(0x000000adce900000,0x000000adcea00000)]
  0x000002177f6e9000 JavaThread "Attach Listener" daemon [_thread_blocked, id=9316, stack(0x000000adcea00000,0x000000adceb00000)]
  0x000002177f6ea000 JavaThread "Service Thread" daemon [_thread_blocked, id=9088, stack(0x000000adceb00000,0x000000adcec00000)]
=>0x000002177f6ed000 JavaThread "C2 CompilerThread0" daemon [_thread_in_native, id=8944, stack(0x000000adcec00000,0x000000adced00000)]
  0x000002177f6f0000 JavaThread "C1 CompilerThread0" daemon [_thread_blocked, id=5652, stack(0x000000adced00000,0x000000adcee00000)]
  0x000002177ee7c000 JavaThread "Sweeper thread" daemon [_thread_blocked, id=3256, stack(0x000000adcee00000,0x000000adcef00000)]
  0x000002177f84d000 JavaThread "Common-Cleaner" daemon [_thread_blocked, id=4800, stack(0x000000adcef00000,0x000000adcf000000)]
  0x0000021701987000 JavaThread "Daemon health stats" [_thread_blocked, id=8096, stack(0x000000adcf500000,0x000000adcf600000)]
  0x000002177fa41000 JavaThread "Incoming local TCP Connector on port 50005" [_thread_in_native, id=8976, stack(0x000000adcf100000,0x000000adcf200000)]
  0x00000217018dd000 JavaThread "Daemon periodic checks" [_thread_blocked, id=10648, stack(0x000000adcf200000,0x000000adcf300000)]
  0x00000217030b5800 JavaThread "Daemon" [_thread_blocked, id=3316, stack(0x000000adcf600000,0x000000adcf700000)]
  0x0000021701270000 JavaThread "Handler for socket connection from /127.0.0.1:50005 to /127.0.0.1:50006" [_thread_in_native, id=5728, stack(0x000000adcf700000,0x000000adcf800000)]
  0x00000217012a3800 JavaThread "Cancel handler" [_thread_blocked, id=9468, stack(0x000000adcf800000,0x000000adcf900000)]
  0x000002170186b800 JavaThread "Daemon worker" [_thread_in_vm, id=7464, stack(0x000000adcf900000,0x000000adcfa00000)]
  0x000002170111a800 JavaThread "Asynchronous log dispatcher for DefaultDaemonConnection: socket connection from /127.0.0.1:50005 to /127.0.0.1:50006" [_thread_blocked, id=5224, stack(0x000000adcfb00000,0x000000adcfc00000)]
  0x0000021701936000 JavaThread "Stdin handler" [_thread_blocked, id=5868, stack(0x000000adcfc00000,0x000000adcfd00000)]
  0x00000217023a6000 JavaThread "Daemon client event forwarder" [_thread_blocked, id=3496, stack(0x000000adcfd00000,0x000000adcfe00000)]
  0x00000217023a0000 JavaThread "Cache worker for journal cache (C:\Users\victx\.gradle\caches\journal-1)" [_thread_blocked, id=2004, stack(0x000000add0300000,0x000000add0400000)]
  0x00000217023a2000 JavaThread "File lock request listener" [_thread_in_native, id=6060, stack(0x000000add0400000,0x000000add0500000)]
  0x00000217023a1000 JavaThread "Cache worker for file hash cache (C:\Users\victx\.gradle\caches\7.2\fileHashes)" [_thread_blocked, id=3272, stack(0x000000add0500000,0x000000add0600000)]
  0x00000217023a4000 JavaThread "Cache worker for file hash cache (C:\Users\victx\AndroidStudioProjects\average\.gradle\7.2\fileHashes)" [_thread_blocked, id=7032, stack(0x000000adcfa00000,0x000000adcfb00000)]
  0x0000021702c3e800 JavaThread "C2 CompilerThread1" daemon [_thread_in_native, id=10800, stack(0x000000add0700000,0x000000add0800000)]
  0x00000217023a5000 JavaThread "File watcher server" daemon [_thread_in_native, id=6236, stack(0x000000add0800000,0x000000add0900000)]
  0x00000217023a6800 JavaThread "File watcher consumer" daemon [_thread_blocked, id=5156, stack(0x000000add0900000,0x000000add0a00000)]
  0x00000217023a2800 JavaThread "Cache worker for checksums cache (C:\Users\victx\AndroidStudioProjects\average\.gradle\checksums)" [_thread_blocked, id=3944, stack(0x000000add0a00000,0x000000add0b00000)]
  0x00000217023a3800 JavaThread "Cache worker for cache directory md-supplier (C:\Users\victx\.gradle\caches\7.2\md-supplier)" [_thread_blocked, id=10396, stack(0x000000add0b00000,0x000000add0c00000)]
  0x00000217032f2800 JavaThread "Cache worker for cache directory md-rule (C:\Users\victx\.gradle\caches\7.2\md-rule)" [_thread_blocked, id=924, stack(0x000000add0d00000,0x000000add0e00000)]
  0x00000217032ee000 JavaThread "Cache worker for execution history cache (C:\Users\victx\.gradle\caches\7.2\executionHistory)" [_thread_blocked, id=9736, stack(0x000000add0e00000,0x000000add0f00000)]
  0x0000021701f00000 JavaThread "C2 CompilerThread2" daemon [_thread_in_native, id=9608, stack(0x000000add0c00000,0x000000add0d00000)]
  0x00000217032f5000 JavaThread "jar transforms" [_thread_blocked, id=11052, stack(0x000000add0f00000,0x000000add1000000)]
  0x00000217032f0800 JavaThread "Cache worker for file content cache (C:\Users\victx\.gradle\caches\7.2\fileContent)" [_thread_blocked, id=1324, stack(0x000000add1000000,0x000000add1100000)]
  0x00000217032f0000 JavaThread "jar transforms Thread 2" [_thread_blocked, id=9100, stack(0x000000add1100000,0x000000add1200000)]
  0x00000217032ef000 JavaThread "Cache worker for dependencies-accessors (C:\Users\victx\AndroidStudioProjects\average\.gradle\7.2\dependencies-accessors)" [_thread_blocked, id=3768, stack(0x000000add1200000,0x000000add1300000)]
  0x00000217032f4000 JavaThread "jar transforms Thread 3" [_thread_blocked, id=4664, stack(0x000000add1300000,0x000000add1400000)]

Other Threads:
  0x000002177ee68000 VMThread "VM Thread" [stack: 0x000000adce600000,0x000000adce700000] [id=2956]
  0x000002177f88b800 WatcherThread [stack: 0x000000adcf000000,0x000000adcf100000] [id=8608]
  0x0000021764224800 GCTaskThread "GC Thread#0" [stack: 0x000000adce100000,0x000000adce200000] [id=4472]
  0x0000021700d08800 GCTaskThread "GC Thread#1" [stack: 0x000000adcf300000,0x000000adcf400000] [id=5908]
  0x00000217008c3800 GCTaskThread "GC Thread#2" [stack: 0x000000adcf400000,0x000000adcf500000] [id=6492]
  0x0000021702c3f800 GCTaskThread "GC Thread#3" [stack: 0x000000adcfe00000,0x000000adcff00000] [id=5312]
  0x000002170111b000 GCTaskThread "GC Thread#4" [stack: 0x000000adcff00000,0x000000add0000000] [id=5088]
  0x0000021701936800 GCTaskThread "GC Thread#5" [stack: 0x000000add0000000,0x000000add0100000] [id=9096]
  0x0000021701d13000 GCTaskThread "GC Thread#6" [stack: 0x000000add0100000,0x000000add0200000] [id=10496]
  0x0000021701253000 GCTaskThread "GC Thread#7" [stack: 0x000000add0200000,0x000000add0300000] [id=6056]
  0x0000021764256800 ConcurrentGCThread "G1 Main Marker" [stack: 0x000000adce200000,0x000000adce300000] [id=7332]
  0x0000021764259000 ConcurrentGCThread "G1 Conc#0" [stack: 0x000000adce300000,0x000000adce400000] [id=8344]
  0x00000217016fe000 ConcurrentGCThread "G1 Conc#1" [stack: 0x000000add0600000,0x000000add0700000] [id=10212]
  0x00000217642ee000 ConcurrentGCThread "G1 Refine#0" [stack: 0x000000adce400000,0x000000adce500000] [id=8648]
  0x000002177ecb8800 ConcurrentGCThread "G1 Young RemSet Sampling" [stack: 0x000000adce500000,0x000000adce600000] [id=8952]

Threads with active compile tasks:
C2 CompilerThread0   5544 3729       4       java.lang.ClassLoader::defineClass (43 bytes)
C2 CompilerThread1   5544 3643   !   4       java.net.URLClassLoader$1::run (63 bytes)
C2 CompilerThread2   5544 3742       4       jdk.internal.jimage.BasicImageReader::getString (48 bytes)

VM state:not at safepoint (normal execution)

VM Mutex/Monitor currently owned by a thread: None

Heap address: 0x0000000080000000, size: 2048 MB, Compressed Oops mode: 32-bit
Narrow klass base: 0x0000000000000000, Narrow klass shift: 3
Compressed class space size: 1073741824 Address: 0x0000000100000000

Heap:
 garbage-first heap   total 163840K, used 72374K [0x0000000080000000, 0x0000000100000000)
  region size 1024K, 52 young (53248K), 9 survivors (9216K)
 Metaspace       used 44312K, capacity 45294K, committed 45436K, reserved 1089536K
  class space    used 5681K, capacity 6058K, committed 6144K, reserved 1048576K
Heap Regions: E=young(eden), S=young(survivor), O=old, HS=humongous(starts), HC=humongous(continues), CS=collection set, F=free, A=archive, TAMS=top-at-mark-start (previous, next)
|   0|0x0000000080000000, 0x0000000080100000, 0x0000000080100000|100%| O|  |TAMS 0x0000000080100000, 0x0000000080000000| Untracked 
|   1|0x0000000080100000, 0x0000000080200000, 0x0000000080200000|100%| O|  |TAMS 0x0000000080200000, 0x0000000080100000| Untracked 
|   2|0x0000000080200000, 0x0000000080300000, 0x0000000080300000|100%| O|  |TAMS 0x0000000080300000, 0x0000000080200000| Untracked 
|   3|0x0000000080300000, 0x0000000080400000, 0x0000000080400000|100%|HS|  |TAMS 0x0000000080400000, 0x0000000080300000| Complete 
|   4|0x0000000080400000, 0x0000000080500000, 0x0000000080500000|100%|HC|  |TAMS 0x0000000080500000, 0x0000000080400000| Complete 
|   5|0x0000000080500000, 0x0000000080600000, 0x0000000080600000|100%|HC|  |TAMS 0x0000000080600000, 0x0000000080500000| Complete 
|   6|0x0000000080600000, 0x0000000080700000, 0x0000000080700000|100%| O|  |TAMS 0x0000000080700000, 0x0000000080600000| Untracked 
|   7|0x0000000080700000, 0x0000000080800000, 0x0000000080800000|100%| O|  |TAMS 0x0000000080800000, 0x0000000080700000| Untracked 
|   8|0x0000000080800000, 0x0000000080900000, 0x0000000080900000|100%| O|  |TAMS 0x0000000080900000, 0x0000000080800000| Untracked 
|   9|0x0000000080900000, 0x0000000080a00000, 0x0000000080a00000|100%| O|  |TAMS 0x0000000080a00000, 0x0000000080900000| Untracked 
|  10|0x0000000080a00000, 0x0000000080b00000, 0x0000000080b00000|100%| O|  |TAMS 0x0000000080b00000, 0x0000000080a00000| Untracked 
|  11|0x0000000080b00000, 0x0000000080c00000, 0x0000000080c00000|100%| O|  |TAMS 0x0000000080c00000, 0x0000000080b00000| Untracked 
|  12|0x0000000080c00000, 0x0000000080d00000, 0x0000000080d00000|100%| O|  |TAMS 0x0000000080d00000, 0x0000000080c00000| Untracked 
|  13|0x0000000080d00000, 0x0000000080e00000, 0x0000000080e00000|100%| O|  |TAMS 0x0000000080e00000, 0x0000000080d00000| Untracked 
|  14|0x0000000080e00000, 0x0000000080f00000, 0x0000000080f00000|100%| O|  |TAMS 0x0000000080f00000, 0x0000000080e00000| Untracked 
|  15|0x0000000080f00000, 0x0000000080fffff8, 0x0000000081000000| 99%| O|  |TAMS 0x0000000080fffff8, 0x0000000080f00000| Untracked 
|  16|0x0000000081000000, 0x0000000081100000, 0x0000000081100000|100%| O|  |TAMS 0x0000000081055600, 0x0000000081000000| Untracked 
|  17|0x0000000081100000, 0x0000000081200000, 0x0000000081200000|100%|HS|  |TAMS 0x0000000081100000, 0x0000000081100000| Complete 
|  18|0x0000000081200000, 0x0000000081200000, 0x0000000081300000|  0%| F|  |TAMS 0x0000000081200000, 0x0000000081200000| Untracked 
|  19|0x0000000081300000, 0x0000000081300000, 0x0000000081400000|  0%| F|  |TAMS 0x0000000081300000, 0x0000000081300000| Untracked 
|  20|0x0000000081400000, 0x0000000081500000, 0x0000000081500000|100%| O|  |TAMS 0x0000000081400000, 0x0000000081400000| Untracked 
|  21|0x0000000081500000, 0x0000000081600000, 0x0000000081600000|100%| O|  |TAMS 0x0000000081500000, 0x0000000081500000| Untracked 
|  22|0x0000000081600000, 0x0000000081637e00, 0x0000000081700000| 21%| O|  |TAMS 0x0000000081600000, 0x0000000081600000| Untracked 
|  23|0x0000000081700000, 0x0000000081700000, 0x0000000081800000|  0%| F|  |TAMS 0x0000000081700000, 0x0000000081700000| Untracked 
|  24|0x0000000081800000, 0x0000000081800000, 0x0000000081900000|  0%| F|  |TAMS 0x0000000081800000, 0x0000000081800000| Untracked 
|  25|0x0000000081900000, 0x0000000081900000, 0x0000000081a00000|  0%| F|  |TAMS 0x0000000081900000, 0x0000000081900000| Untracked 
|  26|0x0000000081a00000, 0x0000000081a00000, 0x0000000081b00000|  0%| F|  |TAMS 0x0000000081a00000, 0x0000000081a00000| Untracked 
|  27|0x0000000081b00000, 0x0000000081b00000, 0x0000000081c00000|  0%| F|  |TAMS 0x0000000081b00000, 0x0000000081b00000| Untracked 
|  28|0x0000000081c00000, 0x0000000081c00000, 0x0000000081d00000|  0%| F|  |TAMS 0x0000000081c00000, 0x0000000081c00000| Untracked 
|  29|0x0000000081d00000, 0x0000000081d00000, 0x0000000081e00000|  0%| F|  |TAMS 0x0000000081d00000, 0x0000000081d00000| Untracked 
|  30|0x0000000081e00000, 0x0000000081e00000, 0x0000000081f00000|  0%| F|  |TAMS 0x0000000081e00000, 0x0000000081e00000| Untracked 
|  31|0x0000000081f00000, 0x0000000081f00000, 0x0000000082000000|  0%| F|  |TAMS 0x0000000081f00000, 0x0000000081f00000| Untracked 
|  32|0x0000000082000000, 0x0000000082000000, 0x0000000082100000|  0%| F|  |TAMS 0x0000000082000000, 0x0000000082000000| Untracked 
|  33|0x0000000082100000, 0x0000000082100000, 0x0000000082200000|  0%| F|  |TAMS 0x0000000082100000, 0x0000000082100000| Untracked 
|  34|0x0000000082200000, 0x0000000082200000, 0x0000000082300000|  0%| F|  |TAMS 0x0000000082200000, 0x0000000082200000| Untracked 
|  35|0x0000000082300000, 0x0000000082300000, 0x0000000082400000|  0%| F|  |TAMS 0x0000000082300000, 0x0000000082300000| Untracked 
|  36|0x0000000082400000, 0x0000000082400000, 0x0000000082500000|  0%| F|  |TAMS 0x0000000082400000, 0x0000000082400000| Untracked 
|  37|0x0000000082500000, 0x0000000082500000, 0x0000000082600000|  0%| F|  |TAMS 0x0000000082500000, 0x0000000082500000| Untracked 
|  38|0x0000000082600000, 0x0000000082600000, 0x0000000082700000|  0%| F|  |TAMS 0x0000000082600000, 0x0000000082600000| Untracked 
|  39|0x0000000082700000, 0x0000000082700000, 0x0000000082800000|  0%| F|  |TAMS 0x0000000082700000, 0x0000000082700000| Untracked 
|  40|0x0000000082800000, 0x0000000082800000, 0x0000000082900000|  0%| F|  |TAMS 0x0000000082800000, 0x0000000082800000| Untracked 
|  41|0x0000000082900000, 0x0000000082900000, 0x0000000082a00000|  0%| F|  |TAMS 0x0000000082900000, 0x0000000082900000| Untracked 
|  42|0x0000000082a00000, 0x0000000082a00000, 0x0000000082b00000|  0%| F|  |TAMS 0x0000000082a00000, 0x0000000082a00000| Untracked 
|  43|0x0000000082b00000, 0x0000000082b00000, 0x0000000082c00000|  0%| F|  |TAMS 0x0000000082b00000, 0x0000000082b00000| Untracked 
|  44|0x0000000082c00000, 0x0000000082c00000, 0x0000000082d00000|  0%| F|  |TAMS 0x0000000082c00000, 0x0000000082c00000| Untracked 
|  45|0x0000000082d00000, 0x0000000082d00000, 0x0000000082e00000|  0%| F|  |TAMS 0x0000000082d00000, 0x0000000082d00000| Untracked 
|  46|0x0000000082e00000, 0x0000000082e00000, 0x0000000082f00000|  0%| F|  |TAMS 0x0000000082e00000, 0x0000000082e00000| Untracked 
|  47|0x0000000082f00000, 0x0000000082f00000, 0x0000000083000000|  0%| F|  |TAMS 0x0000000082f00000, 0x0000000082f00000| Untracked 
|  48|0x0000000083000000, 0x0000000083000000, 0x0000000083100000|  0%| F|  |TAMS 0x0000000083000000, 0x0000000083000000| Untracked 
|  49|0x0000000083100000, 0x0000000083100000, 0x0000000083200000|  0%| F|  |TAMS 0x0000000083100000, 0x0000000083100000| Untracked 
|  50|0x0000000083200000, 0x0000000083200000, 0x0000000083300000|  0%| F|  |TAMS 0x0000000083200000, 0x0000000083200000| Untracked 
|  51|0x0000000083300000, 0x0000000083300000, 0x0000000083400000|  0%| F|  |TAMS 0x0000000083300000, 0x0000000083300000| Untracked 
|  52|0x0000000083400000, 0x0000000083400000, 0x0000000083500000|  0%| F|  |TAMS 0x0000000083400000, 0x0000000083400000| Untracked 
|  53|0x0000000083500000, 0x0000000083500000, 0x0000000083600000|  0%| F|  |TAMS 0x0000000083500000, 0x0000000083500000| Untracked 
|  54|0x0000000083600000, 0x0000000083600000, 0x0000000083700000|  0%| F|  |TAMS 0x0000000083600000, 0x0000000083600000| Untracked 
|  55|0x0000000083700000, 0x0000000083700000, 0x0000000083800000|  0%| F|  |TAMS 0x0000000083700000, 0x0000000083700000| Untracked 
|  56|0x0000000083800000, 0x0000000083800000, 0x0000000083900000|  0%| F|  |TAMS 0x0000000083800000, 0x0000000083800000| Untracked 
|  57|0x0000000083900000, 0x0000000083900000, 0x0000000083a00000|  0%| F|  |TAMS 0x0000000083900000, 0x0000000083900000| Untracked 
|  58|0x0000000083a00000, 0x0000000083a00000, 0x0000000083b00000|  0%| F|  |TAMS 0x0000000083a00000, 0x0000000083a00000| Untracked 
|  59|0x0000000083b00000, 0x0000000083b00000, 0x0000000083c00000|  0%| F|  |TAMS 0x0000000083b00000, 0x0000000083b00000| Untracked 
|  60|0x0000000083c00000, 0x0000000083c00000, 0x0000000083d00000|  0%| F|  |TAMS 0x0000000083c00000, 0x0000000083c00000| Untracked 
|  61|0x0000000083d00000, 0x0000000083d00000, 0x0000000083e00000|  0%| F|  |TAMS 0x0000000083d00000, 0x0000000083d00000| Untracked 
|  62|0x0000000083e00000, 0x0000000083e00000, 0x0000000083f00000|  0%| F|  |TAMS 0x0000000083e00000, 0x0000000083e00000| Untracked 
|  63|0x0000000083f00000, 0x0000000083f00000, 0x0000000084000000|  0%| F|  |TAMS 0x0000000083f00000, 0x0000000083f00000| Untracked 
|  64|0x0000000084000000, 0x0000000084000000, 0x0000000084100000|  0%| F|  |TAMS 0x0000000084000000, 0x0000000084000000| Untracked 
|  65|0x0000000084100000, 0x0000000084100000, 0x0000000084200000|  0%| F|  |TAMS 0x0000000084100000, 0x0000000084100000| Untracked 
|  66|0x0000000084200000, 0x0000000084200000, 0x0000000084300000|  0%| F|  |TAMS 0x0000000084200000, 0x0000000084200000| Untracked 
|  67|0x0000000084300000, 0x0000000084300000, 0x0000000084400000|  0%| F|  |TAMS 0x0000000084300000, 0x0000000084300000| Untracked 
|  68|0x0000000084400000, 0x0000000084400000, 0x0000000084500000|  0%| F|  |TAMS 0x0000000084400000, 0x0000000084400000| Untracked 
|  69|0x0000000084500000, 0x0000000084500000, 0x0000000084600000|  0%| F|  |TAMS 0x0000000084500000, 0x0000000084500000| Untracked 
|  70|0x0000000084600000, 0x0000000084600000, 0x0000000084700000|  0%| F|  |TAMS 0x0000000084600000, 0x0000000084600000| Untracked 
|  71|0x0000000084700000, 0x0000000084700000, 0x0000000084800000|  0%| F|  |TAMS 0x0000000084700000, 0x0000000084700000| Untracked 
|  72|0x0000000084800000, 0x0000000084800000, 0x0000000084900000|  0%| F|  |TAMS 0x0000000084800000, 0x0000000084800000| Untracked 
|  73|0x0000000084900000, 0x0000000084900000, 0x0000000084a00000|  0%| F|  |TAMS 0x0000000084900000, 0x0000000084900000| Untracked 
|  74|0x0000000084a00000, 0x0000000084a00000, 0x0000000084b00000|  0%| F|  |TAMS 0x0000000084a00000, 0x0000000084a00000| Untracked 
|  75|0x0000000084b00000, 0x0000000084b00000, 0x0000000084c00000|  0%| F|  |TAMS 0x0000000084b00000, 0x0000000084b00000| Untracked 
|  76|0x0000000084c00000, 0x0000000084c00000, 0x0000000084d00000|  0%| F|  |TAMS 0x0000000084c00000, 0x0000000084c00000| Untracked 
|  77|0x0000000084d00000, 0x0000000084d00000, 0x0000000084e00000|  0%| F|  |TAMS 0x0000000084d00000, 0x0000000084d00000| Untracked 
|  78|0x0000000084e00000, 0x0000000084e75ae8, 0x0000000084f00000| 45%| S|CS|TAMS 0x0000000084e00000, 0x0000000084e00000| Complete 
|  79|0x0000000084f00000, 0x0000000085000000, 0x0000000085000000|100%| S|CS|TAMS 0x0000000084f00000, 0x0000000084f00000| Complete 
|  80|0x0000000085000000, 0x0000000085100000, 0x0000000085100000|100%| S|CS|TAMS 0x0000000085000000, 0x0000000085000000| Complete 
|  81|0x0000000085100000, 0x0000000085200000, 0x0000000085200000|100%| S|CS|TAMS 0x0000000085100000, 0x0000000085100000| Complete 
|  82|0x0000000085200000, 0x0000000085300000, 0x0000000085300000|100%| S|CS|TAMS 0x0000000085200000, 0x0000000085200000| Complete 
|  83|0x0000000085300000, 0x0000000085400000, 0x0000000085400000|100%| S|CS|TAMS 0x0000000085300000, 0x0000000085300000| Complete 
|  84|0x0000000085400000, 0x0000000085500000, 0x0000000085500000|100%| S|CS|TAMS 0x0000000085400000, 0x0000000085400000| Complete 
|  85|0x0000000085500000, 0x0000000085600000, 0x0000000085600000|100%| S|CS|TAMS 0x0000000085500000, 0x0000000085500000| Complete 
|  86|0x0000000085600000, 0x0000000085700000, 0x0000000085700000|100%| S|CS|TAMS 0x0000000085600000, 0x0000000085600000| Complete 
|  87|0x0000000085700000, 0x0000000085700000, 0x0000000085800000|  0%| F|  |TAMS 0x0000000085700000, 0x0000000085700000| Untracked 
|  88|0x0000000085800000, 0x0000000085800000, 0x0000000085900000|  0%| F|  |TAMS 0x0000000085800000, 0x0000000085800000| Untracked 
|  89|0x0000000085900000, 0x0000000085900000, 0x0000000085a00000|  0%| F|  |TAMS 0x0000000085900000, 0x0000000085900000| Untracked 
|  90|0x0000000085a00000, 0x0000000085a00000, 0x0000000085b00000|  0%| F|  |TAMS 0x0000000085a00000, 0x0000000085a00000| Untracked 
|  91|0x0000000085b00000, 0x0000000085b00000, 0x0000000085c00000|  0%| F|  |TAMS 0x0000000085b00000, 0x0000000085b00000| Untracked 
|  92|0x0000000085c00000, 0x0000000085c00000, 0x0000000085d00000|  0%| F|  |TAMS 0x0000000085c00000, 0x0000000085c00000| Untracked 
|  93|0x0000000085d00000, 0x0000000085d00000, 0x0000000085e00000|  0%| F|  |TAMS 0x0000000085d00000, 0x0000000085d00000| Untracked 
|  94|0x0000000085e00000, 0x0000000085e00000, 0x0000000085f00000|  0%| F|  |TAMS 0x0000000085e00000, 0x0000000085e00000| Untracked 
|  95|0x0000000085f00000, 0x0000000085f00000, 0x0000000086000000|  0%| F|  |TAMS 0x0000000085f00000, 0x0000000085f00000| Untracked 
|  96|0x0000000086000000, 0x0000000086000000, 0x0000000086100000|  0%| F|  |TAMS 0x0000000086000000, 0x0000000086000000| Untracked 
|  97|0x0000000086100000, 0x0000000086100000, 0x0000000086200000|  0%| F|  |TAMS 0x0000000086100000, 0x0000000086100000| Untracked 
|  98|0x0000000086200000, 0x0000000086200000, 0x0000000086300000|  0%| F|  |TAMS 0x0000000086200000, 0x0000000086200000| Untracked 
|  99|0x0000000086300000, 0x0000000086300000, 0x0000000086400000|  0%| F|  |TAMS 0x0000000086300000, 0x0000000086300000| Untracked 
| 100|0x0000000086400000, 0x0000000086400000, 0x0000000086500000|  0%| F|  |TAMS 0x0000000086400000, 0x0000000086400000| Untracked 
| 101|0x0000000086500000, 0x0000000086500000, 0x0000000086600000|  0%| F|  |TAMS 0x0000000086500000, 0x0000000086500000| Untracked 
| 102|0x0000000086600000, 0x0000000086600000, 0x0000000086700000|  0%| F|  |TAMS 0x0000000086600000, 0x0000000086600000| Untracked 
| 103|0x0000000086700000, 0x0000000086700000, 0x0000000086800000|  0%| F|  |TAMS 0x0000000086700000, 0x0000000086700000| Untracked 
| 104|0x0000000086800000, 0x0000000086800000, 0x0000000086900000|  0%| F|  |TAMS 0x0000000086800000, 0x0000000086800000| Untracked 
| 105|0x0000000086900000, 0x0000000086900000, 0x0000000086a00000|  0%| F|  |TAMS 0x0000000086900000, 0x0000000086900000| Untracked 
| 106|0x0000000086a00000, 0x0000000086a00000, 0x0000000086b00000|  0%| F|  |TAMS 0x0000000086a00000, 0x0000000086a00000| Untracked 
| 107|0x0000000086b00000, 0x0000000086b00000, 0x0000000086c00000|  0%| F|  |TAMS 0x0000000086b00000, 0x0000000086b00000| Untracked 
| 108|0x0000000086c00000, 0x0000000086c00000, 0x0000000086d00000|  0%| F|  |TAMS 0x0000000086c00000, 0x0000000086c00000| Untracked 
| 109|0x0000000086d00000, 0x0000000086d00000, 0x0000000086e00000|  0%| F|  |TAMS 0x0000000086d00000, 0x0000000086d00000| Untracked 
| 110|0x0000000086e00000, 0x0000000086e00000, 0x0000000086f00000|  0%| F|  |TAMS 0x0000000086e00000, 0x0000000086e00000| Untracked 
| 111|0x0000000086f00000, 0x0000000086f00000, 0x0000000087000000|  0%| F|  |TAMS 0x0000000086f00000, 0x0000000086f00000| Untracked 
| 112|0x0000000087000000, 0x0000000087000000, 0x0000000087100000|  0%| F|  |TAMS 0x0000000087000000, 0x0000000087000000| Untracked 
| 113|0x0000000087100000, 0x0000000087100000, 0x0000000087200000|  0%| F|  |TAMS 0x0000000087100000, 0x0000000087100000| Untracked 
| 114|0x0000000087200000, 0x0000000087200000, 0x0000000087300000|  0%| F|  |TAMS 0x0000000087200000, 0x0000000087200000| Untracked 
| 115|0x0000000087300000, 0x0000000087300000, 0x0000000087400000|  0%| F|  |TAMS 0x0000000087300000, 0x0000000087300000| Untracked 
| 116|0x0000000087400000, 0x0000000087400000, 0x0000000087500000|  0%| F|  |TAMS 0x0000000087400000, 0x0000000087400000| Untracked 
| 117|0x0000000087500000, 0x0000000087600000, 0x0000000087600000|100%| E|  |TAMS 0x0000000087500000, 0x0000000087500000| Complete 
| 118|0x0000000087600000, 0x0000000087700000, 0x0000000087700000|100%| E|CS|TAMS 0x0000000087600000, 0x0000000087600000| Complete 
| 119|0x0000000087700000, 0x0000000087800000, 0x0000000087800000|100%| E|CS|TAMS 0x0000000087700000, 0x0000000087700000| Complete 
| 120|0x0000000087800000, 0x0000000087900000, 0x0000000087900000|100%| E|CS|TAMS 0x0000000087800000, 0x0000000087800000| Complete 
| 121|0x0000000087900000, 0x0000000087a00000, 0x0000000087a00000|100%| E|CS|TAMS 0x0000000087900000, 0x0000000087900000| Complete 
| 122|0x0000000087a00000, 0x0000000087b00000, 0x0000000087b00000|100%| E|CS|TAMS 0x0000000087a00000, 0x0000000087a00000| Complete 
| 123|0x0000000087b00000, 0x0000000087c00000, 0x0000000087c00000|100%| E|CS|TAMS 0x0000000087b00000, 0x0000000087b00000| Complete 
| 124|0x0000000087c00000, 0x0000000087d00000, 0x0000000087d00000|100%| E|CS|TAMS 0x0000000087c00000, 0x0000000087c00000| Complete 
| 125|0x0000000087d00000, 0x0000000087e00000, 0x0000000087e00000|100%| E|CS|TAMS 0x0000000087d00000, 0x0000000087d00000| Complete 
| 126|0x0000000087e00000, 0x0000000087f00000, 0x0000000087f00000|100%| E|CS|TAMS 0x0000000087e00000, 0x0000000087e00000| Complete 
| 127|0x0000000087f00000, 0x0000000088000000, 0x0000000088000000|100%| E|CS|TAMS 0x0000000087f00000, 0x0000000087f00000| Complete 
| 128|0x0000000088000000, 0x0000000088100000, 0x0000000088100000|100%| E|CS|TAMS 0x0000000088000000, 0x0000000088000000| Complete 
| 129|0x0000000088100000, 0x0000000088200000, 0x0000000088200000|100%| E|CS|TAMS 0x0000000088100000, 0x0000000088100000| Complete 
| 130|0x0000000088200000, 0x0000000088300000, 0x0000000088300000|100%| E|CS|TAMS 0x0000000088200000, 0x0000000088200000| Complete 
| 131|0x0000000088300000, 0x0000000088400000, 0x0000000088400000|100%| E|CS|TAMS 0x0000000088300000, 0x0000000088300000| Complete 
| 132|0x0000000088400000, 0x0000000088500000, 0x0000000088500000|100%| E|CS|TAMS 0x0000000088400000, 0x0000000088400000| Complete 
| 133|0x0000000088500000, 0x0000000088600000, 0x0000000088600000|100%| E|CS|TAMS 0x0000000088500000, 0x0000000088500000| Complete 
| 134|0x0000000088600000, 0x0000000088700000, 0x0000000088700000|100%| E|CS|TAMS 0x0000000088600000, 0x0000000088600000| Complete 
| 135|0x0000000088700000, 0x0000000088800000, 0x0000000088800000|100%| E|CS|TAMS 0x0000000088700000, 0x0000000088700000| Complete 
| 136|0x0000000088800000, 0x0000000088900000, 0x0000000088900000|100%| E|CS|TAMS 0x0000000088800000, 0x0000000088800000| Complete 
| 137|0x0000000088900000, 0x0000000088a00000, 0x0000000088a00000|100%| E|CS|TAMS 0x0000000088900000, 0x0000000088900000| Complete 
| 138|0x0000000088a00000, 0x0000000088b00000, 0x0000000088b00000|100%| E|CS|TAMS 0x0000000088a00000, 0x0000000088a00000| Complete 
| 139|0x0000000088b00000, 0x0000000088c00000, 0x0000000088c00000|100%| E|CS|TAMS 0x0000000088b00000, 0x0000000088b00000| Complete 
| 140|0x0000000088c00000, 0x0000000088d00000, 0x0000000088d00000|100%| E|CS|TAMS 0x0000000088c00000, 0x0000000088c00000| Complete 
| 141|0x0000000088d00000, 0x0000000088e00000, 0x0000000088e00000|100%| E|CS|TAMS 0x0000000088d00000, 0x0000000088d00000| Complete 
| 142|0x0000000088e00000, 0x0000000088f00000, 0x0000000088f00000|100%| E|CS|TAMS 0x0000000088e00000, 0x0000000088e00000| Complete 
| 143|0x0000000088f00000, 0x0000000089000000, 0x0000000089000000|100%| E|CS|TAMS 0x0000000088f00000, 0x0000000088f00000| Complete 
| 144|0x0000000089000000, 0x0000000089100000, 0x0000000089100000|100%| E|CS|TAMS 0x0000000089000000, 0x0000000089000000| Complete 
| 145|0x0000000089100000, 0x0000000089200000, 0x0000000089200000|100%| E|CS|TAMS 0x0000000089100000, 0x0000000089100000| Complete 
| 146|0x0000000089200000, 0x0000000089300000, 0x0000000089300000|100%| E|CS|TAMS 0x0000000089200000, 0x0000000089200000| Complete 
| 147|0x0000000089300000, 0x0000000089400000, 0x0000000089400000|100%| E|CS|TAMS 0x0000000089300000, 0x0000000089300000| Complete 
| 148|0x0000000089400000, 0x0000000089500000, 0x0000000089500000|100%| E|CS|TAMS 0x0000000089400000, 0x0000000089400000| Complete 
| 149|0x0000000089500000, 0x0000000089600000, 0x0000000089600000|100%| E|CS|TAMS 0x0000000089500000, 0x0000000089500000| Complete 
| 150|0x0000000089600000, 0x0000000089700000, 0x0000000089700000|100%| E|CS|TAMS 0x0000000089600000, 0x0000000089600000| Complete 
| 151|0x0000000089700000, 0x0000000089800000, 0x0000000089800000|100%| E|CS|TAMS 0x0000000089700000, 0x0000000089700000| Complete 
| 152|0x0000000089800000, 0x0000000089900000, 0x0000000089900000|100%| E|CS|TAMS 0x0000000089800000, 0x0000000089800000| Complete 
| 153|0x0000000089900000, 0x0000000089a00000, 0x0000000089a00000|100%| E|CS|TAMS 0x0000000089900000, 0x0000000089900000| Complete 
| 154|0x0000000089a00000, 0x0000000089b00000, 0x0000000089b00000|100%| E|CS|TAMS 0x0000000089a00000, 0x0000000089a00000| Complete 
| 155|0x0000000089b00000, 0x0000000089c00000, 0x0000000089c00000|100%| E|CS|TAMS 0x0000000089b00000, 0x0000000089b00000| Complete 
| 156|0x0000000089c00000, 0x0000000089d00000, 0x0000000089d00000|100%| E|CS|TAMS 0x0000000089c00000, 0x0000000089c00000| Complete 
| 157|0x0000000089d00000, 0x0000000089e00000, 0x0000000089e00000|100%| E|CS|TAMS 0x0000000089d00000, 0x0000000089d00000| Complete 
| 158|0x0000000089e00000, 0x0000000089f00000, 0x0000000089f00000|100%| E|CS|TAMS 0x0000000089e00000, 0x0000000089e00000| Complete 
| 159|0x0000000089f00000, 0x000000008a000000, 0x000000008a000000|100%| E|CS|TAMS 0x0000000089f00000, 0x0000000089f00000| Complete 

Card table byte_map: [0x0000021777b80000,0x0000021777f80000] _byte_map_base: 0x0000021777780000

Marking Bits (Prev, Next): (CMBitMap*) 0x000002176424dd78, (CMBitMap*) 0x000002176424ddb0
 Prev Bits: [0x0000021778380000, 0x000002177a380000)
 Next Bits: [0x000002177a380000, 0x000002177c380000)

Polling page: 0x0000021762a00000

Metaspace:

Usage:
  Non-class:     38.32 MB capacity,    37.74 MB ( 98%) used,   484.61 KB (  1%) free+waste,   104.56 KB ( <1%) overhead. 
      Class:      5.95 MB capacity,     5.55 MB ( 93%) used,   352.01 KB (  6%) free+waste,    50.25 KB ( <1%) overhead. 
       Both:     44.26 MB capacity,    43.30 MB ( 98%) used,   836.62 KB (  2%) free+waste,   154.81 KB ( <1%) overhead. 

Virtual space:
  Non-class space:       40.00 MB reserved,      38.37 MB ( 96%) committed 
      Class space:        1.00 GB reserved,       6.00 MB ( <1%) committed 
             Both:        1.04 GB reserved,      44.37 MB (  4%) committed 

Chunk freelists:
   Non-Class:  56.00 KB
       Class:  22.00 KB
        Both:  78.00 KB

MaxMetaspaceSize: 17179869184.00 GB
CompressedClassSpaceSize: 1.00 GB

CodeHeap 'non-profiled nmethods': size=120000Kb used=2192Kb max_used=2192Kb free=117807Kb
 bounds [0x000002176f7e0000, 0x000002176fa50000, 0x0000021776d10000]
CodeHeap 'profiled nmethods': size=120000Kb used=7998Kb max_used=7998Kb free=112002Kb
 bounds [0x00000217682b0000, 0x0000021768a80000, 0x000002176f7e0000]
CodeHeap 'non-nmethods': size=5760Kb used=2204Kb max_used=2245Kb free=3555Kb
 bounds [0x0000021767d10000, 0x0000021767f80000, 0x00000217682b0000]
 total_blobs=4556 nmethods=3786 adapters=681
 compilation: enabled
              stopped_count=0, restarted_count=0
 full_count=0

Compilation events (20 events):
Event: 5.437 Thread 0x000002177f6f0000 3770       1       com.google.common.collect.LinkedHashMultimap$ValueSet::setSuccessorInValueSet (6 bytes)
Event: 5.437 Thread 0x000002177f6f0000 nmethod 3770 0x000002176f9f6e90 code [0x000002176f9f7040, 0x000002176f9f7138]
Event: 5.443 Thread 0x000002177f6f0000 3775       3       java.util.TreeMap::getFirstEntry (26 bytes)
Event: 5.443 Thread 0x000002177f6f0000 nmethod 3775 0x0000021768a6c210 code [0x0000021768a6c3c0, 0x0000021768a6c5b8]
Event: 5.443 Thread 0x000002177f6f0000 3777       3       sun.reflect.generics.parser.SignatureParser::parseZeroOrMoreTypeSignatures (174 bytes)
Event: 5.445 Thread 0x000002177f6f0000 nmethod 3777 0x0000021768a6c690 code [0x0000021768a6c920, 0x0000021768a6d7a8]
Event: 5.445 Thread 0x000002177f6f0000 3776       3       java.util.TreeMap$PrivateEntryIterator::<init> (28 bytes)
Event: 5.445 Thread 0x000002177f6f0000 nmethod 3776 0x0000021768a6dc10 code [0x0000021768a6ddc0, 0x0000021768a6e018]
Event: 5.445 Thread 0x000002177f6f0000 3778       3       org.gradle.model.internal.asm.AsmClassGeneratorUtils::visitType (417 bytes)
Event: 5.448 Thread 0x000002177f6f0000 nmethod 3778 0x0000021768a6e110 code [0x0000021768a6e720, 0x0000021768a71728]
Event: 5.448 Thread 0x000002177f6f0000 3779       3       org.objectweb.asm.Type::getSize (86 bytes)
Event: 5.448 Thread 0x000002177f6f0000 nmethod 3779 0x0000021768a72690 code [0x0000021768a72860, 0x0000021768a72bc8]
Event: 5.448 Thread 0x000002177f6f0000 3780       3       com.google.common.collect.ImmutableCollection$Builder::<init> (5 bytes)
Event: 5.448 Thread 0x000002177f6f0000 nmethod 3780 0x0000021768a72c90 code [0x0000021768a72e40, 0x0000021768a72f98]
Event: 5.455 Thread 0x000002177f6f0000 3781       3       java.net.URI::match (56 bytes)
Event: 5.456 Thread 0x000002177f6f0000 nmethod 3781 0x0000021768a73090 code [0x0000021768a73240, 0x0000021768a734f8]
Event: 5.466 Thread 0x000002177f6f0000 3782       3       com.google.common.cache.LocalCache::usesKeyReferences (16 bytes)
Event: 5.466 Thread 0x000002177f6f0000 nmethod 3782 0x0000021768a73590 code [0x0000021768a73740, 0x0000021768a738b8]
Event: 5.466 Thread 0x000002177f6f0000 3783       3       com.google.common.cache.LocalCache::usesValueReferences (16 bytes)
Event: 5.466 Thread 0x000002177f6f0000 nmethod 3783 0x0000021768a73990 code [0x0000021768a73b40, 0x0000021768a73cb8]

GC Heap History (14 events):
Event: 0.744 GC heap before
{Heap before GC invocations=0 (full 0):
 garbage-first heap   total 163840K, used 29696K [0x0000000080000000, 0x0000000100000000)
  region size 1024K, 24 young (24576K), 0 survivors (0K)
 Metaspace       used 10206K, capacity 10487K, committed 10624K, reserved 1058816K
  class space    used 1073K, capacity 1141K, committed 1152K, reserved 1048576K
}
Event: 0.750 GC heap after
{Heap after GC invocations=1 (full 0):
 garbage-first heap   total 163840K, used 9601K [0x0000000080000000, 0x0000000100000000)
  region size 1024K, 3 young (3072K), 3 survivors (3072K)
 Metaspace       used 10206K, capacity 10487K, committed 10624K, reserved 1058816K
  class space    used 1073K, capacity 1141K, committed 1152K, reserved 1048576K
}
Event: 1.114 GC heap before
{Heap before GC invocations=1 (full 0):
 garbage-first heap   total 163840K, used 32129K [0x0000000080000000, 0x0000000100000000)
  region size 1024K, 25 young (25600K), 3 survivors (3072K)
 Metaspace       used 11198K, capacity 11443K, committed 11520K, reserved 1058816K
  class space    used 1175K, capacity 1246K, committed 1280K, reserved 1048576K
}
Event: 1.117 GC heap after
{Heap after GC invocations=2 (full 0):
 garbage-first heap   total 163840K, used 10268K [0x0000000080000000, 0x0000000100000000)
  region size 1024K, 1 young (1024K), 1 survivors (1024K)
 Metaspace       used 11198K, capacity 11443K, committed 11520K, reserved 1058816K
  class space    used 1175K, capacity 1246K, committed 1280K, reserved 1048576K
}
Event: 2.202 GC heap before
{Heap before GC invocations=2 (full 0):
 garbage-first heap   total 163840K, used 65564K [0x0000000080000000, 0x0000000100000000)
  region size 1024K, 55 young (56320K), 1 survivors (1024K)
 Metaspace       used 18086K, capacity 18512K, committed 18688K, reserved 1064960K
  class space    used 2158K, capacity 2287K, committed 2304K, reserved 1048576K
}
Event: 2.207 GC heap after
{Heap after GC invocations=3 (full 0):
 garbage-first heap   total 163840K, used 16630K [0x0000000080000000, 0x0000000100000000)
  region size 1024K, 7 young (7168K), 7 survivors (7168K)
 Metaspace       used 18086K, capacity 18512K, committed 18688K, reserved 1064960K
  class space    used 2158K, capacity 2287K, committed 2304K, reserved 1048576K
}
Event: 2.468 GC heap before
{Heap before GC invocations=3 (full 0):
 garbage-first heap   total 163840K, used 38134K [0x0000000080000000, 0x0000000100000000)
  region size 1024K, 29 young (29696K), 7 survivors (7168K)
 Metaspace       used 20635K, capacity 21101K, committed 21296K, reserved 1069056K
  class space    used 2532K, capacity 2660K, committed 2688K, reserved 1048576K
}
Event: 2.476 GC heap after
{Heap after GC invocations=4 (full 0):
 garbage-first heap   total 163840K, used 17743K [0x0000000080000000, 0x0000000100000000)
  region size 1024K, 1 young (1024K), 1 survivors (1024K)
 Metaspace       used 20635K, capacity 21101K, committed 21296K, reserved 1069056K
  class space    used 2532K, capacity 2660K, committed 2688K, reserved 1048576K
}
Event: 3.299 GC heap before
{Heap before GC invocations=5 (full 0):
 garbage-first heap   total 163840K, used 80207K [0x0000000080000000, 0x0000000100000000)
  region size 1024K, 62 young (63488K), 1 survivors (1024K)
 Metaspace       used 26664K, capacity 27301K, committed 27568K, reserved 1073152K
  class space    used 3511K, capacity 3735K, committed 3840K, reserved 1048576K
}
Event: 3.302 GC heap after
{Heap after GC invocations=6 (full 0):
 garbage-first heap   total 163840K, used 19797K [0x0000000080000000, 0x0000000100000000)
  region size 1024K, 3 young (3072K), 3 survivors (3072K)
 Metaspace       used 26664K, capacity 27301K, committed 27568K, reserved 1073152K
  class space    used 3511K, capacity 3735K, committed 3840K, reserved 1048576K
}
Event: 4.095 GC heap before
{Heap before GC invocations=6 (full 0):
 garbage-first heap   total 163840K, used 68949K [0x0000000080000000, 0x0000000100000000)
  region size 1024K, 52 young (53248K), 3 survivors (3072K)
 Metaspace       used 34890K, capacity 35650K, committed 35708K, reserved 1081344K
  class space    used 4541K, capacity 4863K, committed 4864K, reserved 1048576K
}
Event: 4.105 GC heap after
{Heap after GC invocations=7 (full 0):
 garbage-first heap   total 163840K, used 23169K [0x0000000080000000, 0x0000000100000000)
  region size 1024K, 7 young (7168K), 7 survivors (7168K)
 Metaspace       used 34890K, capacity 35650K, committed 35708K, reserved 1081344K
  class space    used 4541K, capacity 4863K, committed 4864K, reserved 1048576K
}
Event: 4.958 GC heap before
{Heap before GC invocations=8 (full 0):
 garbage-first heap   total 163840K, used 93825K [0x0000000080000000, 0x0000000100000000)
  region size 1024K, 73 young (74752K), 7 survivors (7168K)
 Metaspace       used 40156K, capacity 41118K, committed 41340K, reserved 1085440K
  class space    used 5137K, capacity 5506K, committed 5632K, reserved 1048576K
}
Event: 4.968 GC heap after
{Heap after GC invocations=9 (full 0):
 garbage-first heap   total 163840K, used 28342K [0x0000000080000000, 0x0000000100000000)
  region size 1024K, 9 young (9216K), 9 survivors (9216K)
 Metaspace       used 40156K, capacity 41118K, committed 41340K, reserved 1085440K
  class space    used 5137K, capacity 5506K, committed 5632K, reserved 1048576K
}

Deoptimization events (20 events):
Event: 5.361 Thread 0x000002170186b800 Uncommon trap: trap_request=0xffffffc6 fr.pc=0x000002176f902ca8 relative=0x0000000000000248
Event: 5.361 Thread 0x000002170186b800 Uncommon trap: reason=bimorphic_or_optimized_type_check action=maybe_recompile pc=0x000002176f902ca8 method=com.google.common.base.CharMatcher.indexIn(Ljava/lang/CharSequence;I)I @ 31 c2
Event: 5.361 Thread 0x000002170186b800 DEOPT PACKING pc=0x000002176f902ca8 sp=0x000000adcf9f7d70
Event: 5.361 Thread 0x000002170186b800 DEOPT UNPACKING pc=0x0000021767d3662f sp=0x000000adcf9f7d18 mode 2
Event: 5.365 Thread 0x000002170186b800 Uncommon trap: trap_request=0xffffffc6 fr.pc=0x000002176f902ca8 relative=0x0000000000000248
Event: 5.365 Thread 0x000002170186b800 Uncommon trap: reason=bimorphic_or_optimized_type_check action=maybe_recompile pc=0x000002176f902ca8 method=com.google.common.base.CharMatcher.indexIn(Ljava/lang/CharSequence;I)I @ 31 c2
Event: 5.365 Thread 0x000002170186b800 DEOPT PACKING pc=0x000002176f902ca8 sp=0x000000adcf9f9660
Event: 5.365 Thread 0x000002170186b800 DEOPT UNPACKING pc=0x0000021767d3662f sp=0x000000adcf9f9608 mode 2
Event: 5.453 Thread 0x000002170186b800 Uncommon trap: trap_request=0xffffff4d fr.pc=0x000002176f83810c relative=0x00000000000001cc
Event: 5.453 Thread 0x000002170186b800 Uncommon trap: reason=unstable_if action=reinterpret pc=0x000002176f83810c method=java.net.URI$Parser.scan(IILjava/lang/String;)I @ 26 c2
Event: 5.453 Thread 0x000002170186b800 DEOPT PACKING pc=0x000002176f83810c sp=0x000000adcf9f89d0
Event: 5.453 Thread 0x000002170186b800 DEOPT UNPACKING pc=0x0000021767d3662f sp=0x000000adcf9f8960 mode 2
Event: 5.453 Thread 0x000002170186b800 Uncommon trap: trap_request=0xffffff4d fr.pc=0x000002176f830d54 relative=0x0000000000000114
Event: 5.453 Thread 0x000002170186b800 Uncommon trap: reason=unstable_if action=reinterpret pc=0x000002176f830d54 method=java.net.URI.match(CJJ)Z @ 45 c2
Event: 5.453 Thread 0x000002170186b800 DEOPT PACKING pc=0x000002176f830d54 sp=0x000000adcf9f8740
Event: 5.453 Thread 0x000002170186b800 DEOPT UNPACKING pc=0x0000021767d3662f sp=0x000000adcf9f8678 mode 2
Event: 5.453 Thread 0x000002170186b800 Uncommon trap: trap_request=0xffffff4d fr.pc=0x000002176f7fc468 relative=0x0000000000000048
Event: 5.453 Thread 0x000002170186b800 Uncommon trap: reason=unstable_if action=reinterpret pc=0x000002176f7fc468 method=java.net.URI.match(CJJ)Z @ 19 c2
Event: 5.453 Thread 0x000002170186b800 DEOPT PACKING pc=0x000002176f7fc468 sp=0x000000adcf9f8750
Event: 5.453 Thread 0x000002170186b800 DEOPT UNPACKING pc=0x0000021767d3662f sp=0x000000adcf9f8700 mode 2

Classes redefined (0 events):
No events

Internal exceptions (20 events):
Event: 4.852 Thread 0x000002170186b800 Exception <a 'java/lang/ClassNotFoundException'{0x0000000085ded640}: org/gradle/api/internal/provider/AbstractMinimalProviderCustomizer> (0x0000000085ded640) thrown at [./src/hotspot/share/classfile/systemDictionary.cpp, line 231]
Event: 4.855 Thread 0x000002170186b800 Exception <a 'java/lang/ClassNotFoundException'{0x0000000085c4e190}: org/gradle/api/internal/provider/AbstractPropertyCustomizer> (0x0000000085c4e190) thrown at [./src/hotspot/share/classfile/systemDictionary.cpp, line 231]
Event: 4.856 Thread 0x000002170186b800 Exception <a 'java/lang/ClassNotFoundException'{0x0000000085c80cf0}: org/gradle/api/internal/provider/DefaultPropertyCustomizer> (0x0000000085c80cf0) thrown at [./src/hotspot/share/classfile/systemDictionary.cpp, line 231]
Event: 4.897 Thread 0x000002170186b800 Exception <a 'java/lang/ClassNotFoundException'{0x0000000085a72cd8}: org/gradle/initialization/DefaultProjectDescriptorBeanInfo> (0x0000000085a72cd8) thrown at [./src/hotspot/share/classfile/systemDictionary.cpp, line 231]
Event: 4.897 Thread 0x000002170186b800 Exception <a 'java/lang/ClassNotFoundException'{0x0000000085a98fa0}: org/gradle/initialization/DefaultProjectDescriptorCustomizer> (0x0000000085a98fa0) thrown at [./src/hotspot/share/classfile/systemDictionary.cpp, line 231]
Event: 4.901 Thread 0x000002170186b800 Implicit null exception at 0x000002176f93406f to 0x000002176f934118
Event: 5.059 Thread 0x00000217023a6000 Exception <a 'java/lang/NoSuchMethodError'{0x0000000089f8ecb8}: <clinit>> (0x0000000089f8ecb8) thrown at [./src/hotspot/share/prims/jni.cpp, line 1362]
Event: 5.059 Thread 0x00000217023a6000 Exception <a 'java/lang/NoSuchMethodError'{0x0000000089f903a8}: <clinit>> (0x0000000089f903a8) thrown at [./src/hotspot/share/prims/jni.cpp, line 1362]
Event: 5.061 Thread 0x00000217023a6000 Exception <a 'java/lang/NoSuchMethodError'{0x0000000089706200}: <clinit>> (0x0000000089706200) thrown at [./src/hotspot/share/prims/jni.cpp, line 1362]
Event: 5.061 Thread 0x00000217023a6000 Exception <a 'java/lang/NoSuchMethodError'{0x0000000089708050}: <clinit>> (0x0000000089708050) thrown at [./src/hotspot/share/prims/jni.cpp, line 1362]
Event: 5.064 Thread 0x00000217023a6000 Exception <a 'java/lang/NoSuchMethodError'{0x00000000897173d0}: <clinit>> (0x00000000897173d0) thrown at [./src/hotspot/share/prims/jni.cpp, line 1362]
Event: 5.184 Thread 0x000002170186b800 Implicit null exception at 0x000002176f8cf774 to 0x000002176f8cf984
Event: 5.343 Thread 0x000002170186b800 Exception <a 'java/lang/ClassNotFoundException'{0x000000008857c400}: build_72mvwr4xrqb8in6881c58fziwBeanInfo> (0x000000008857c400) thrown at [./src/hotspot/share/classfile/systemDictionary.cpp, line 231]
Event: 5.343 Thread 0x000002170186b800 Exception <a 'java/lang/ClassNotFoundException'{0x00000000885928f8}: org/gradle/api/internal/project/ProjectScriptBeanInfo> (0x00000000885928f8) thrown at [./src/hotspot/share/classfile/systemDictionary.cpp, line 231]
Event: 5.344 Thread 0x000002170186b800 Exception <a 'java/lang/ClassNotFoundException'{0x00000000885a8a70}: org/gradle/api/internal/project/ProjectScriptCustomizer> (0x00000000885a8a70) thrown at [./src/hotspot/share/classfile/systemDictionary.cpp, line 231]
Event: 5.345 Thread 0x000002170186b800 Exception <a 'java/lang/ClassNotFoundException'{0x00000000885c3f60}: build_72mvwr4xrqb8in6881c58fziwCustomizer> (0x00000000885c3f60) thrown at [./src/hotspot/share/classfile/systemDictionary.cpp, line 231]
Event: 5.352 Thread 0x000002170186b800 Exception <a 'java/lang/ClassNotFoundException'{0x000000008844d820}: org/gradle/plugin/use/internal/PluginRequestCollector$PluginDependenciesSpecImplBeanInfo> (0x000000008844d820) thrown at [./src/hotspot/share/classfile/systemDictionary.cpp, line 231]
Event: 5.353 Thread 0x000002170186b800 Exception <a 'java/lang/ClassNotFoundException'{0x000000008847c6a8}: org/gradle/plugin/use/internal/PluginRequestCollector$PluginDependenciesSpecImplCustomizer> (0x000000008847c6a8) thrown at [./src/hotspot/share/classfile/systemDictionary.cpp, line 231]
Event: 5.357 Thread 0x000002170186b800 Exception <a 'java/lang/ClassNotFoundException'{0x00000000884e2680}: org/gradle/plugin/use/internal/PluginRequestCollector$PluginDependencySpecImplBeanInfo> (0x00000000884e2680) thrown at [./src/hotspot/share/classfile/systemDictionary.cpp, line 231]
Event: 5.358 Thread 0x000002170186b800 Exception <a 'java/lang/ClassNotFoundException'{0x0000000088310bd0}: org/gradle/plugin/use/internal/PluginRequestCollector$PluginDependencySpecImplCustomizer> (0x0000000088310bd0) thrown at [./src/hotspot/share/classfile/systemDictionary.cpp, line 231]

Events (20 events):
Event: 5.485 loading class org/gradle/api/artifacts/CapabilitiesResolution
Event: 5.485 loading class org/gradle/api/artifacts/CapabilitiesResolution done
Event: 5.486 loading class org/gradle/internal/component/external/model/ImmutableCapability
Event: 5.486 loading class org/gradle/internal/component/external/model/ImmutableCapability done
Event: 5.487 loading class org/gradle/api/internal/artifacts/ivyservice/resolutionstrategy/DefaultCapabilitiesResolution$DefaultCapabilityResolutionDetails
Event: 5.487 loading class org/gradle/api/internal/artifacts/ivyservice/resolutionstrategy/DefaultCapabilitiesResolution$DefaultCapabilityResolutionDetails done
Event: 5.487 loading class org/gradle/api/artifacts/CapabilityResolutionDetails
Event: 5.487 loading class org/gradle/api/artifacts/CapabilityResolutionDetails done
Event: 5.487 loading class org/gradle/api/internal/artifacts/ivyservice/resolveengine/graph/conflicts/CapabilitiesConflictHandler$CandidateDetails
Event: 5.487 loading class org/gradle/api/internal/artifacts/ivyservice/resolveengine/graph/conflicts/CapabilitiesConflictHandler$CandidateDetails done
Event: 5.488 loading class org/gradle/api/internal/artifacts/ivyservice/resolveengine/graph/conflicts/CapabilitiesConflictHandler$ResolutionDetails
Event: 5.488 loading class org/gradle/api/internal/artifacts/ivyservice/resolveengine/graph/conflicts/CapabilitiesConflictHandler$ResolutionDetails done
Event: 5.488 loading class org/gradle/api/internal/artifacts/ivyservice/resolveengine/graph/conflicts/ConflictResolutionResult
Event: 5.488 loading class org/gradle/api/internal/artifacts/ivyservice/resolveengine/graph/conflicts/ConflictResolutionResult done
Event: 5.488 loading class org/gradle/internal/component/external/model/DefaultComponentVariantIdentifier
Event: 5.488 loading class org/gradle/internal/component/external/model/DefaultComponentVariantIdentifier done
Event: 5.489 loading class org/gradle/api/artifacts/ComponentVariantIdentifier
Event: 5.489 loading class org/gradle/api/artifacts/ComponentVariantIdentifier done
Event: 5.489 loading class org/gradle/api/internal/artifacts/ivyservice/resolveengine/graph/conflicts/UpgradeCapabilityResolver
Event: 5.489 loading class org/gradle/api/internal/artifacts/ivyservice/resolveengine/graph/conflicts/UpgradeCapabilityResolver done


Dynamic libraries:
0x00007ff711070000 - 0x00007ff71107a000 	C:\Program Files\Android\Android Studio\jre\bin\java.exe
0x00007fff3cab0000 - 0x00007fff3cca5000 	C:\Windows\SYSTEM32\ntdll.dll
0x00007fff3c650000 - 0x00007fff3c70e000 	C:\Windows\System32\KERNEL32.DLL
0x00007fff3a840000 - 0x00007fff3ab08000 	C:\Windows\System32\KERNELBASE.dll
0x00007fff3a240000 - 0x00007fff3a340000 	C:\Windows\System32\ucrtbase.dll
0x00007ffefb040000 - 0x00007ffefb057000 	C:\Program Files\Android\Android Studio\jre\bin\VCRUNTIME140.dll
0x00007fff35e50000 - 0x00007fff35e69000 	C:\Program Files\Android\Android Studio\jre\bin\jli.dll
0x00007fff3c060000 - 0x00007fff3c200000 	C:\Windows\System32\USER32.dll
0x00007fff29d00000 - 0x00007fff29f9a000 	C:\Windows\WinSxS\amd64_microsoft.windows.common-controls_6595b64144ccf1df_6.0.19041.1110_none_60b5254171f9507e\COMCTL32.dll
0x00007fff3a810000 - 0x00007fff3a832000 	C:\Windows\System32\win32u.dll
0x00007fff3bf40000 - 0x00007fff3bf6b000 	C:\Windows\System32\GDI32.dll
0x00007fff3c7b0000 - 0x00007fff3c84e000 	C:\Windows\System32\msvcrt.dll
0x00007fff3a4a0000 - 0x00007fff3a5ab000 	C:\Windows\System32\gdi32full.dll
0x00007fff3a770000 - 0x00007fff3a80d000 	C:\Windows\System32\msvcp_win.dll
0x00007fff3bae0000 - 0x00007fff3bb10000 	C:\Windows\System32\IMM32.DLL
0x00007ffef95c0000 - 0x00007ffef965d000 	C:\Program Files\Android\Android Studio\jre\bin\msvcp140.dll
0x00007ffef9890000 - 0x00007ffefa365000 	C:\Program Files\Android\Android Studio\jre\bin\server\jvm.dll
0x00007fff3c360000 - 0x00007fff3c40e000 	C:\Windows\System32\ADVAPI32.dll
0x00007fff3c710000 - 0x00007fff3c7ac000 	C:\Windows\System32\sechost.dll
0x00007fff3c8b0000 - 0x00007fff3c9d5000 	C:\Windows\System32\RPCRT4.dll
0x00007fff3ab70000 - 0x00007fff3ab78000 	C:\Windows\System32\PSAPI.DLL
0x00007ffefb060000 - 0x00007ffefb069000 	C:\Windows\SYSTEM32\WSOCK32.dll
0x00007fff30460000 - 0x00007fff30487000 	C:\Windows\SYSTEM32\WINMM.dll
0x00007fff30490000 - 0x00007fff3049a000 	C:\Windows\SYSTEM32\VERSION.dll
0x00007fff3c410000 - 0x00007fff3c47b000 	C:\Windows\System32\WS2_32.dll
0x00007fff380e0000 - 0x00007fff380f2000 	C:\Windows\SYSTEM32\kernel.appcore.dll
0x00007ffefb020000 - 0x00007ffefb031000 	C:\Program Files\Android\Android Studio\jre\bin\verify.dll
0x00007fff24f10000 - 0x00007fff250f4000 	C:\Windows\SYSTEM32\DBGHELP.DLL
0x00007fff24bc0000 - 0x00007fff24bec000 	C:\Windows\SYSTEM32\dbgcore.DLL
0x00007fff3a690000 - 0x00007fff3a712000 	C:\Windows\System32\bcryptPrimitives.dll
0x00007ffefaff0000 - 0x00007ffefb019000 	C:\Program Files\Android\Android Studio\jre\bin\java.dll
0x00007ffefafe0000 - 0x00007ffefafeb000 	C:\Program Files\Android\Android Studio\jre\bin\jimage.dll
0x00007ffef9870000 - 0x00007ffef9888000 	C:\Program Files\Android\Android Studio\jre\bin\zip.dll
0x00007fff3b180000 - 0x00007fff3b8c4000 	C:\Windows\System32\SHELL32.dll
0x00007fff382e0000 - 0x00007fff38a74000 	C:\Windows\SYSTEM32\windows.storage.dll
0x00007fff3bbe0000 - 0x00007fff3bf34000 	C:\Windows\System32\combase.dll
0x00007fff39c30000 - 0x00007fff39c5c000 	C:\Windows\SYSTEM32\Wldp.dll
0x00007fff3c2b0000 - 0x00007fff3c35d000 	C:\Windows\System32\SHCORE.dll
0x00007fff3ba80000 - 0x00007fff3bad5000 	C:\Windows\System32\shlwapi.dll
0x00007fff3a110000 - 0x00007fff3a12f000 	C:\Windows\SYSTEM32\profapi.dll
0x00007ffef9850000 - 0x00007ffef986a000 	C:\Program Files\Android\Android Studio\jre\bin\net.dll
0x00007fff2c3b0000 - 0x00007fff2c4b9000 	C:\Windows\SYSTEM32\WINHTTP.dll
0x00007fff39920000 - 0x00007fff3998a000 	C:\Windows\system32\mswsock.dll
0x00007ffef9830000 - 0x00007ffef9844000 	C:\Program Files\Android\Android Studio\jre\bin\nio.dll
0x00007fff35eb0000 - 0x00007fff35ed7000 	C:\Users\victx\.gradle\native\e1d6ef7f7dcc3fd88c89a11ec53ec762bb8ba0a96d01ffa2cd45eb1d1d8dd5c5\windows-amd64\native-platform.dll
0x00007fff249f0000 - 0x00007fff24b34000 	C:\Users\victx\.gradle\native\5664cfc778a61ccfe75a443a1ab52a65af34e5dc3c78e0209fed803814484fcb\windows-amd64\native-platform-file-events.dll
0x00007ffef9820000 - 0x00007ffef982a000 	C:\Program Files\Android\Android Studio\jre\bin\management.dll
0x00007ffef9810000 - 0x00007ffef981d000 	C:\Program Files\Android\Android Studio\jre\bin\management_ext.dll
0x00007fff39b20000 - 0x00007fff39b38000 	C:\Windows\SYSTEM32\CRYPTSP.dll
0x00007fff392a0000 - 0x00007fff392d4000 	C:\Windows\system32\rsaenh.dll
0x00007fff3a5b0000 - 0x00007fff3a5d7000 	C:\Windows\System32\bcrypt.dll
0x00007fff3a090000 - 0x00007fff3a0be000 	C:\Windows\SYSTEM32\USERENV.dll
0x00007fff39b10000 - 0x00007fff39b1c000 	C:\Windows\SYSTEM32\CRYPTBASE.dll
0x00007fff39610000 - 0x00007fff3964b000 	C:\Windows\SYSTEM32\IPHLPAPI.DLL
0x00007fff3c050000 - 0x00007fff3c058000 	C:\Windows\System32\NSI.dll
0x00007fff317e0000 - 0x00007fff317f7000 	C:\Windows\SYSTEM32\dhcpcsvc6.DLL
0x00007fff32490000 - 0x00007fff324ad000 	C:\Windows\SYSTEM32\dhcpcsvc.DLL
0x00007fff39650000 - 0x00007fff3971a000 	C:\Windows\SYSTEM32\DNSAPI.dll

dbghelp: loaded successfully - version: 4.0.5 - missing functions: none
symbol engine: initialized successfully - sym options: 0x614 - pdb path: .;C:\Program Files\Android\Android Studio\jre\bin;C:\Windows\SYSTEM32;C:\Windows\WinSxS\amd64_microsoft.windows.common-controls_6595b64144ccf1df_6.0.19041.1110_none_60b5254171f9507e;C:\Program Files\Android\Android Studio\jre\bin\server;C:\Users\victx\.gradle\native\e1d6ef7f7dcc3fd88c89a11ec53ec762bb8ba0a96d01ffa2cd45eb1d1d8dd5c5\windows-amd64;C:\Users\victx\.gradle\native\5664cfc778a61ccfe75a443a1ab52a65af34e5dc3c78e0209fed803814484fcb\windows-amd64

VM Arguments:
jvm_args: --add-opens=java.base/java.util=ALL-UNNAMED --add-opens=java.base/java.lang=ALL-UNNAMED --add-opens=java.base/java.lang.invoke=ALL-UNNAMED --add-opens=java.base/java.util=ALL-UNNAMED --add-opens=java.prefs/java.util.prefs=ALL-UNNAMED --add-opens=java.prefs/java.util.prefs=ALL-UNNAMED --add-opens=java.base/java.nio.charset=ALL-UNNAMED --add-opens=java.base/java.net=ALL-UNNAMED --add-opens=java.base/java.util.concurrent.atomic=ALL-UNNAMED -Xmx2048m -Dfile.encoding=UTF-8 -Duser.country=CO -Duser.language=es -Duser.variant 
java_command: org.gradle.launcher.daemon.bootstrap.GradleDaemon 7.2
java_class_path (initial): C:\Users\victx\.gradle\wrapper\dists\gradle-7.2-bin\2dnblmf4td7x66yl1d74lt32g\gradle-7.2\lib\gradle-launcher-7.2.jar
Launcher Type: SUN_STANDARD

[Global flags]
     intx CICompilerCount                          = 4                                         {product} {ergonomic}
     uint ConcGCThreads                            = 2                                         {product} {ergonomic}
     uint G1ConcRefinementThreads                  = 8                                         {product} {ergonomic}
   size_t G1HeapRegionSize                         = 1048576                                   {product} {ergonomic}
    uintx GCDrainStackTargetSize                   = 64                                        {product} {ergonomic}
   size_t InitialHeapSize                          = 167772160                                 {product} {ergonomic}
   size_t MarkStackSize                            = 4194304                                   {product} {ergonomic}
   size_t MaxHeapSize                              = 2147483648                                {product} {command line}
   size_t MaxNewSize                               = 1287651328                                {product} {ergonomic}
   size_t MinHeapDeltaBytes                        = 1048576                                   {product} {ergonomic}
    uintx NonNMethodCodeHeapSize                   = 5836300                                {pd product} {ergonomic}
    uintx NonProfiledCodeHeapSize                  = 122910970                              {pd product} {ergonomic}
    uintx ProfiledCodeHeapSize                     = 122910970                              {pd product} {ergonomic}
    uintx ReservedCodeCacheSize                    = 251658240                              {pd product} {ergonomic}
     bool SegmentedCodeCache                       = true                                      {product} {ergonomic}
     bool UseCompressedClassPointers               = true                                 {lp64_product} {ergonomic}
     bool UseCompressedOops                        = true                                 {lp64_product} {ergonomic}
     bool UseG1GC                                  = true                                      {product} {ergonomic}
     bool UseLargePagesIndividualAllocation        = false                                  {pd product} {ergonomic}

Logging:
Log output configuration:
 #0: stdout all=warning uptime,level,tags
 #1: stderr all=off uptime,level,tags

Environment Variables:
PATH=C:\Windows\system32;C:\Windows;C:\Windows\System32\Wbem;C:\Windows\System32\WindowsPowerShell\v1.0\;C:\Windows\System32\OpenSSH\;C:\Program Files\Git\cmd;C:\Users\victx\AppData\Local\Microsoft\WindowsApps;;C:\Users\victx\AppData\Local\Programs\Microsoft VS Code\bin
USERNAME=victx
OS=Windows_NT
PROCESSOR_IDENTIFIER=AMD64 Family 23 Model 24 Stepping 1, AuthenticAMD



---------------  S Y S T E M  ---------------

OS: Windows 10 , 64 bit Build 19041 (10.0.19041.1566)
OS uptime: 0 days 1:29 hours

CPU:total 8 (initial active 8) (8 cores per cpu, 2 threads per core) family 23 model 24 stepping 1 microcode 0x0, cmov, cx8, fxsr, mmx, sse, sse2, sse3, ssse3, sse4.1, sse4.2, popcnt, avx, avx2, aes, clmul, mmxext, 3dnowpref, lzcnt, sse4a, ht, tsc, tscinvbit, tscinv, bmi1, bmi2, adx, s

Memory: 4k page, system-wide physical 10187M (4778M free)
TotalPageFile size 20427M (AvailPageFile size 14106M)
current process WorkingSet (physical memory assigned to process): 283M, peak: 285M
current process commit charge ("private bytes"): 375M, peak: 378M

vm_info: OpenJDK 64-Bit Server VM (11.0.11+9-b60-7590822) for windows-amd64 JRE (11.0.11+9-b60-7590822), built on Jul 29 2021 21:43:44 by "builder" with MS VC++ 14.0 (VS2015)

END.
